# JRE version: Java(TM) SE Runtime Environment (8.0_131-b11) (build 1.8.0_131-b11)
# Java VM: Java HotSpot(TM) 64-Bit Server VM (25.131-b11 mixed mode linux-amd64 compressed oops)
Heap:
 PSYoungGen      total 1317888K, used 0K [0x000000076ab00000, 0x00000007bf500000, 0x00000007c0000000)
  eden space 1256448K, 0% used [0x000000076ab00000,0x000000076ab00000,0x00000007b7600000)
  from space 61440K, 0% used [0x00000007bb900000,0x00000007bb900000,0x00000007bf500000)
  to   space 65024K, 0% used [0x00000007b7600000,0x00000007b7600000,0x00000007bb580000)
 ParOldGen       total 405504K, used 141330K [0x00000006c0000000, 0x00000006d8c00000, 0x000000076ab00000)
  object space 405504K, 34% used [0x00000006c0000000,0x00000006c8a04ae8,0x00000006d8c00000)
 Metaspace       used 66981K, capacity 67338K, committed 68840K, reserved 1105920K
  class space    used 12559K, capacity 12663K, committed 12888K, reserved 1048576K
GC Heap History (10 events):
Event: 35.792 GC heap after
Heap after GC invocations=22 (full 4):
 PSYoungGen      total 1302528K, used 6176K [0x000000076ab00000, 0x00000007bf800000, 0x00000007c0000000)
  eden space 1225728K, 0% used [0x000000076ab00000,0x000000076ab00000,0x00000007b5800000)
  from space 76800K, 8% used [0x00000007bad00000,0x00000007bb308000,0x00000007bf800000)
  to   space 81920K, 0% used [0x00000007b5800000,0x00000007b5800000,0x00000007ba800000)
 ParOldGen       total 405504K, used 230027K [0x00000006c0000000, 0x00000006d8c00000, 0x000000076ab00000)
  object space 405504K, 56% used [0x00000006c0000000,0x00000006ce0a2fd0,0x00000006d8c00000)
 Metaspace       used 67907K, capacity 68398K, committed 68696K, reserved 1105920K
  class space    used 12676K, capacity 12806K, committed 12888K, reserved 1048576K
}
Event: 39.546 GC heap before
{Heap before GC invocations=23 (full 4):
 PSYoungGen      total 1302528K, used 1231904K [0x000000076ab00000, 0x00000007bf800000, 0x00000007c0000000)
  eden space 1225728K, 100% used [0x000000076ab00000,0x00000007b5800000,0x00000007b5800000)
  from space 76800K, 8% used [0x00000007bad00000,0x00000007bb308000,0x00000007bf800000)
  to   space 81920K, 0% used [0x00000007b5800000,0x00000007b5800000,0x00000007ba800000)
 ParOldGen       total 405504K, used 230027K [0x00000006c0000000, 0x00000006d8c00000, 0x000000076ab00000)
  object space 405504K, 56% used [0x00000006c0000000,0x00000006ce0a2fd0,0x00000006d8c00000)
 Metaspace       used 68103K, capacity 68590K, committed 68696K, reserved 1105920K
  class space    used 12676K, capacity 12806K, committed 12888K, reserved 1048576K
Event: 39.565 GC heap after
Heap after GC invocations=23 (full 4):
 PSYoungGen      total 1307648K, used 16096K [0x000000076ab00000, 0x00000007bfb00000, 0x00000007c0000000)
  eden space 1225728K, 0% used [0x000000076ab00000,0x000000076ab00000,0x00000007b5800000)
  from space 81920K, 19% used [0x00000007b5800000,0x00000007b67b8020,0x00000007ba800000)
  to   space 76800K, 0% used [0x00000007bb000000,0x00000007bb000000,0x00000007bfb00000)
 ParOldGen       total 405504K, used 230035K [0x00000006c0000000, 0x00000006d8c00000, 0x000000076ab00000)
  object space 405504K, 56% used [0x00000006c0000000,0x00000006ce0a4fd0,0x00000006d8c00000)
 Metaspace       used 68103K, capacity 68590K, committed 68696K, reserved 1105920K
  class space    used 12676K, capacity 12806K, committed 12888K, reserved 1048576K
}
Event: 40.974 GC heap before
{Heap before GC invocations=24 (full 4):
 PSYoungGen      total 1307648K, used 1241824K [0x000000076ab00000, 0x00000007bfb00000, 0x00000007c0000000)
  eden space 1225728K, 100% used [0x000000076ab00000,0x00000007b5800000,0x00000007b5800000)
  from space 81920K, 19% used [0x00000007b5800000,0x00000007b67b8020,0x00000007ba800000)
  to   space 76800K, 0% used [0x00000007bb000000,0x00000007bb000000,0x00000007bfb00000)
 ParOldGen       total 405504K, used 230035K [0x00000006c0000000, 0x00000006d8c00000, 0x000000076ab00000)
  object space 405504K, 56% used [0x00000006c0000000,0x00000006ce0a4fd0,0x00000006d8c00000)
 Metaspace       used 68103K, capacity 68590K, committed 68696K, reserved 1105920K
  class space    used 12676K, capacity 12806K, committed 12888K, reserved 1048576K
Event: 40.999 GC heap after
Heap after GC invocations=24 (full 4):
 PSYoungGen      total 1307648K, used 13904K [0x000000076ab00000, 0x00000007bf300000, 0x00000007c0000000)
  eden space 1239040K, 0% used [0x000000076ab00000,0x000000076ab00000,0x00000007b6500000)
  from space 68608K, 20% used [0x00000007bb000000,0x00000007bbd94010,0x00000007bf300000)
  to   space 72704K, 0% used [0x00000007b6500000,0x00000007b6500000,0x00000007bac00000)
 ParOldGen       total 405504K, used 230043K [0x00000006c0000000, 0x00000006d8c00000, 0x000000076ab00000)
  object space 405504K, 56% used [0x00000006c0000000,0x00000006ce0a6fd0,0x00000006d8c00000)
 Metaspace       used 68103K, capacity 68590K, committed 68696K, reserved 1105920K
  class space    used 12676K, capacity 12806K, committed 12888K, reserved 1048576K
}
Event: 42.858 GC heap before
{Heap before GC invocations=25 (full 4):
 PSYoungGen      total 1307648K, used 1252944K [0x000000076ab00000, 0x00000007bf300000, 0x00000007c0000000)
  eden space 1239040K, 100% used [0x000000076ab00000,0x00000007b6500000,0x00000007b6500000)
  from space 68608K, 20% used [0x00000007bb000000,0x00000007bbd94010,0x00000007bf300000)
  to   space 72704K, 0% used [0x00000007b6500000,0x00000007b6500000,0x00000007bac00000)
 ParOldGen       total 405504K, used 230043K [0x00000006c0000000, 0x00000006d8c00000, 0x000000076ab00000)
  object space 405504K, 56% used [0x00000006c0000000,0x00000006ce0a6fd0,0x00000006d8c00000)
 Metaspace       used 68165K, capacity 68654K, committed 68840K, reserved 1105920K
  class space    used 12676K, capacity 12806K, committed 12888K, reserved 1048576K
Event: 42.874 GC heap after
Heap after GC invocations=25 (full 4):
 PSYoungGen      total 1311744K, used 13824K [0x000000076ab00000, 0x00000007bfc00000, 0x00000007c0000000)
  eden space 1239040K, 0% used [0x000000076ab00000,0x000000076ab00000,0x00000007b6500000)
  from space 72704K, 19% used [0x00000007b6500000,0x00000007b7280000,0x00000007bac00000)
  to   space 68608K, 0% used [0x00000007bb900000,0x00000007bb900000,0x00000007bfc00000)
 ParOldGen       total 405504K, used 230051K [0x00000006c0000000, 0x00000006d8c00000, 0x000000076ab00000)
  object space 405504K, 56% used [0x00000006c0000000,0x00000006ce0a8fd0,0x00000006d8c00000)
 Metaspace       used 68165K, capacity 68654K, committed 68840K, reserved 1105920K
  class space    used 12676K, capacity 12806K, committed 12888K, reserved 1048576K
}
Event: 43.500 GC heap before
{Heap before GC invocations=26 (full 4):
 PSYoungGen      total 1311744K, used 407080K [0x000000076ab00000, 0x00000007bfc00000, 0x00000007c0000000)
  eden space 1239040K, 31% used [0x000000076ab00000,0x0000000782b0a208,0x00000007b6500000)
  from space 72704K, 19% used [0x00000007b6500000,0x00000007b7280000,0x00000007bac00000)
  to   space 68608K, 0% used [0x00000007bb900000,0x00000007bb900000,0x00000007bfc00000)
 ParOldGen       total 405504K, used 230051K [0x00000006c0000000, 0x00000006d8c00000, 0x000000076ab00000)
  object space 405504K, 56% used [0x00000006c0000000,0x00000006ce0a8fd0,0x00000006d8c00000)
 Metaspace       used 68329K, capacity 68750K, committed 68840K, reserved 1105920K
  class space    used 12732K, capacity 12838K, committed 12888K, reserved 1048576K
Event: 43.514 GC heap after
Heap after GC invocations=26 (full 4):
 PSYoungGen      total 1317888K, used 13344K [0x000000076ab00000, 0x00000007bf500000, 0x00000007c0000000)
  eden space 1256448K, 0% used [0x000000076ab00000,0x000000076ab00000,0x00000007b7600000)
  from space 61440K, 21% used [0x00000007bb900000,0x00000007bc608020,0x00000007bf500000)
  to   space 65024K, 0% used [0x00000007b7600000,0x00000007b7600000,0x00000007bb580000)
 ParOldGen       total 405504K, used 230051K [0x00000006c0000000, 0x00000006d8c00000, 0x000000076ab00000)
  object space 405504K, 56% used [0x00000006c0000000,0x00000006ce0a8fd0,0x00000006d8c00000)
 Metaspace       used 68329K, capacity 68750K, committed 68840K, reserved 1105920K
  class space    used 12732K, capacity 12838K, committed 12888K, reserved 1048576K
}
Event: 43.514 GC heap before
{Heap before GC invocations=27 (full 5):
 PSYoungGen      total 1317888K, used 13344K [0x000000076ab00000, 0x00000007bf500000, 0x00000007c0000000)
  eden space 1256448K, 0% used [0x000000076ab00000,0x000000076ab00000,0x00000007b7600000)
  from space 61440K, 21% used [0x00000007bb900000,0x00000007bc608020,0x00000007bf500000)
  to   space 65024K, 0% used [0x00000007b7600000,0x00000007b7600000,0x00000007bb580000)
 ParOldGen       total 405504K, used 230051K [0x00000006c0000000, 0x00000006d8c00000, 0x000000076ab00000)
  object space 405504K, 56% used [0x00000006c0000000,0x00000006ce0a8fd0,0x00000006d8c00000)
 Metaspace       used 68329K, capacity 68750K, committed 68840K, reserved 1105920K
  class space    used 12732K, capacity 12838K, committed 12888K, reserved 1048576K

